PERSISTENCE_RETRY: Row level lock active. Re-queueing job for backoff.
DISPATCHER: Integrate pipeline unavailable, using fallback for job-001: No module named 'playwright'
DISPATCHER: Integrate pipeline unavailable, using fallback for job-003: No module named 'playwright'
--- Starting Application Trial ---

[DB LOG] Initialized mock asset record with ID: acfe60ff-b0e6-4a06-b94e-5c323741fbdb

[STEP 1] Processing incoming Vision Payload...
[RESULT] Vision Verification Status: Verified

[STEP 2] Attempting secure row-level database allocation...
[RESULT] Database transaction successfully committed.

[STEP 3] Routing mixed batch jobs through centralized dispatcher...
DISPATCHER: Local socket target listening on ('127.0.0.1', 38357)
DISPATCHER: Routing job-001 (web_scrape) with 0 active router states
DISPATCHER: Job job-001 selected web scraping pipeline
DISPATCHER: Routing job-002 (socket) with 0 active router states
DISPATCHER: Job job-002 selected socket pipeline to 127.0.0.1:38357
DISPATCHER: Routing job-003 (web_scrape) with 0 active router states
DISPATCHER: Job job-003 selected web scraping pipeline
DISPATCHER: Routing job-004 (socket) with 0 active router states
DISPATCHER: Job job-004 selected socket pipeline to 127.0.0.1:38357
DISPATCHER: Routing job-005 (socket) with 0 active router states
DISPATCHER: Job job-005 selected socket pipeline to 127.0.0.1:38357

[STEP 4] Dispatcher batch results:
 - job-001: mock-web-scrape-result-job-001
 - job-002: SOCKET_ACK
 - job-003: mock-web-scrape-result-job-003
 - job-004: SOCKET_ACK
 - job-005: SOCKET_ACK

[STEP 5] Consolidated dispatcher state summary:

Summary:
  COMPLETED: 0
  FAILED: 0

--- Trial Execution Completed Successfully ---
